2025-04-27 23:35:42.632 | INFO     | helpers:search_repositories:103 - Searching repos with query: language:python stars:>50 pushed:>2023-04-28
2025-04-27 23:35:45.598 | INFO     | __main__:main:145 - Found 100 potential repositories from initial search.
2025-04-27 23:35:45.598 | INFO     | __main__:main:151 - Attempting to process details for 10 repositories.
2025-04-27 23:35:45.598 | INFO     | __main__:process_repo:28 - Processing Repository: public-apis/public-apis
2025-04-27 23:35:45.598 | INFO     | helpers:get_repo_tree:137 - Getting tree for public-apis/public-apis
2025-04-27 23:35:45.598 | INFO     | __main__:process_repo:28 - Processing Repository: donnemartin/system-design-primer
2025-04-27 23:35:45.598 | INFO     | helpers:get_repo_tree:137 - Getting tree for donnemartin/system-design-primer
2025-04-27 23:35:45.598 | INFO     | __main__:process_repo:28 - Processing Repository: vinta/awesome-python
2025-04-27 23:35:45.599 | INFO     | helpers:get_repo_tree:137 - Getting tree for vinta/awesome-python
2025-04-27 23:35:45.599 | INFO     | __main__:process_repo:28 - Processing Repository: TheAlgorithms/Python
2025-04-27 23:35:45.599 | INFO     | helpers:get_repo_tree:137 - Getting tree for TheAlgorithms/Python
2025-04-27 23:35:45.599 | INFO     | __main__:process_repo:28 - Processing Repository: Significant-Gravitas/AutoGPT
2025-04-27 23:35:45.599 | INFO     | helpers:get_repo_tree:137 - Getting tree for Significant-Gravitas/AutoGPT
2025-04-27 23:35:45.599 | INFO     | __main__:process_repo:28 - Processing Repository: AUTOMATIC1111/stable-diffusion-webui
2025-04-27 23:35:45.599 | INFO     | helpers:get_repo_tree:137 - Getting tree for AUTOMATIC1111/stable-diffusion-webui
2025-04-27 23:35:45.599 | INFO     | __main__:process_repo:28 - Processing Repository: huggingface/transformers
2025-04-27 23:35:45.599 | INFO     | helpers:get_repo_tree:137 - Getting tree for huggingface/transformers
2025-04-27 23:35:45.599 | INFO     | __main__:process_repo:28 - Processing Repository: ytdl-org/youtube-dl
2025-04-27 23:35:45.599 | INFO     | helpers:get_repo_tree:137 - Getting tree for ytdl-org/youtube-dl
2025-04-27 23:35:45.599 | INFO     | __main__:process_repo:28 - Processing Repository: yt-dlp/yt-dlp
2025-04-27 23:35:45.599 | INFO     | helpers:get_repo_tree:137 - Getting tree for yt-dlp/yt-dlp
2025-04-27 23:35:45.599 | INFO     | __main__:process_repo:28 - Processing Repository: 521xueweihan/HelloGitHub
2025-04-27 23:35:45.599 | INFO     | helpers:get_repo_tree:137 - Getting tree for 521xueweihan/HelloGitHub
2025-04-27 23:35:46.242 | INFO     | __main__:process_repo:53 - Fetching content for 9 files in public-apis/public-apis...
2025-04-27 23:35:46.243 | DEBUG    | helpers:get_blob_content:181 - Getting blob 58b6570 for public-apis/public-apis
2025-04-27 23:35:46.243 | DEBUG    | helpers:get_blob_content:181 - Getting blob e0b6872 for public-apis/public-apis
2025-04-27 23:35:46.244 | DEBUG    | helpers:get_blob_content:181 - Getting blob 760516e for public-apis/public-apis
2025-04-27 23:35:46.244 | DEBUG    | helpers:get_blob_content:181 - Getting blob 316a2ee for public-apis/public-apis
2025-04-27 23:35:46.244 | DEBUG    | helpers:get_blob_content:181 - Getting blob 2e926a3 for public-apis/public-apis
2025-04-27 23:35:46.244 | DEBUG    | helpers:get_blob_content:181 - Getting blob 9b0cb45 for public-apis/public-apis
2025-04-27 23:35:46.244 | DEBUG    | helpers:get_blob_content:181 - Getting blob 4287dcc for public-apis/public-apis
2025-04-27 23:35:46.244 | DEBUG    | helpers:get_blob_content:181 - Getting blob 092595d for public-apis/public-apis
2025-04-27 23:35:46.244 | DEBUG    | helpers:get_blob_content:181 - Getting blob 9f80887 for public-apis/public-apis
2025-04-27 23:35:46.247 | DEBUG    | __main__:process_repo:42 - Reached max files (20) for 521xueweihan/HelloGitHub
2025-04-27 23:35:46.247 | INFO     | __main__:process_repo:53 - Fetching content for 20 files in 521xueweihan/HelloGitHub...
2025-04-27 23:35:46.248 | DEBUG    | helpers:get_blob_content:181 - Getting blob 1a6280d for 521xueweihan/HelloGitHub
2025-04-27 23:35:46.248 | DEBUG    | helpers:get_blob_content:181 - Getting blob ed48256 for 521xueweihan/HelloGitHub
2025-04-27 23:35:46.248 | DEBUG    | helpers:get_blob_content:181 - Getting blob bc7819c for 521xueweihan/HelloGitHub
2025-04-27 23:35:46.248 | DEBUG    | helpers:get_blob_content:181 - Getting blob bafc342 for 521xueweihan/HelloGitHub
2025-04-27 23:35:46.248 | DEBUG    | helpers:get_blob_content:181 - Getting blob f05a994 for 521xueweihan/HelloGitHub
2025-04-27 23:35:46.249 | DEBUG    | helpers:get_blob_content:181 - Getting blob 783920c for 521xueweihan/HelloGitHub
2025-04-27 23:35:46.249 | DEBUG    | helpers:get_blob_content:181 - Getting blob c639e05 for 521xueweihan/HelloGitHub
2025-04-27 23:35:46.249 | DEBUG    | helpers:get_blob_content:181 - Getting blob f7ddb4a for 521xueweihan/HelloGitHub
2025-04-27 23:35:46.249 | DEBUG    | helpers:get_blob_content:181 - Getting blob e0e0535 for 521xueweihan/HelloGitHub
2025-04-27 23:35:46.250 | DEBUG    | helpers:get_blob_content:181 - Getting blob 0500207 for 521xueweihan/HelloGitHub
2025-04-27 23:35:46.250 | DEBUG    | helpers:get_blob_content:181 - Getting blob 9d8adea for 521xueweihan/HelloGitHub
2025-04-27 23:35:46.250 | DEBUG    | helpers:get_blob_content:181 - Getting blob 22c2384 for 521xueweihan/HelloGitHub
2025-04-27 23:35:46.250 | DEBUG    | helpers:get_blob_content:181 - Getting blob 2150b67 for 521xueweihan/HelloGitHub
2025-04-27 23:35:46.250 | DEBUG    | helpers:get_blob_content:181 - Getting blob 196cce4 for 521xueweihan/HelloGitHub
2025-04-27 23:35:46.250 | DEBUG    | helpers:get_blob_content:181 - Getting blob 636de4b for 521xueweihan/HelloGitHub
2025-04-27 23:35:46.250 | DEBUG    | helpers:get_blob_content:181 - Getting blob e4bbd67 for 521xueweihan/HelloGitHub
2025-04-27 23:35:46.250 | DEBUG    | helpers:get_blob_content:181 - Getting blob 16c597e for 521xueweihan/HelloGitHub
2025-04-27 23:35:46.250 | DEBUG    | helpers:get_blob_content:181 - Getting blob a8739ff for 521xueweihan/HelloGitHub
2025-04-27 23:35:46.250 | DEBUG    | helpers:get_blob_content:181 - Getting blob 2f45e90 for 521xueweihan/HelloGitHub
2025-04-27 23:35:46.250 | DEBUG    | helpers:get_blob_content:181 - Getting blob a1417f8 for 521xueweihan/HelloGitHub
2025-04-27 23:35:46.270 | INFO     | __main__:process_repo:53 - Fetching content for 7 files in vinta/awesome-python...
2025-04-27 23:35:46.270 | DEBUG    | helpers:get_blob_content:181 - Getting blob eba33ff for vinta/awesome-python
2025-04-27 23:35:46.270 | DEBUG    | helpers:get_blob_content:181 - Getting blob 585f491 for vinta/awesome-python
2025-04-27 23:35:46.270 | DEBUG    | helpers:get_blob_content:181 - Getting blob fdacb78 for vinta/awesome-python
2025-04-27 23:35:46.270 | DEBUG    | helpers:get_blob_content:181 - Getting blob 943f93c for vinta/awesome-python
2025-04-27 23:35:46.270 | DEBUG    | helpers:get_blob_content:181 - Getting blob 5a7f5f8 for vinta/awesome-python
2025-04-27 23:35:46.270 | DEBUG    | helpers:get_blob_content:181 - Getting blob 89d64c3 for vinta/awesome-python
2025-04-27 23:35:46.270 | DEBUG    | helpers:get_blob_content:181 - Getting blob 431bd02 for vinta/awesome-python
2025-04-27 23:35:46.286 | DEBUG    | __main__:process_repo:42 - Reached max files (20) for AUTOMATIC1111/stable-diffusion-webui
2025-04-27 23:35:46.286 | INFO     | __main__:process_repo:53 - Fetching content for 20 files in AUTOMATIC1111/stable-diffusion-webui...
2025-04-27 23:35:46.287 | DEBUG    | helpers:get_blob_content:181 - Getting blob c9fcda2 for AUTOMATIC1111/stable-diffusion-webui
2025-04-27 23:35:46.287 | DEBUG    | helpers:get_blob_content:181 - Getting blob 5f7e593 for AUTOMATIC1111/stable-diffusion-webui
2025-04-27 23:35:46.287 | DEBUG    | helpers:get_blob_content:181 - Getting blob 1457754 for AUTOMATIC1111/stable-diffusion-webui
2025-04-27 23:35:46.287 | DEBUG    | helpers:get_blob_content:181 - Getting blob bc62945 for AUTOMATIC1111/stable-diffusion-webui
2025-04-27 23:35:46.287 | DEBUG    | helpers:get_blob_content:181 - Getting blob 7cac36c for AUTOMATIC1111/stable-diffusion-webui
2025-04-27 23:35:46.287 | DEBUG    | helpers:get_blob_content:181 - Getting blob d746007 for AUTOMATIC1111/stable-diffusion-webui
2025-04-27 23:35:46.287 | DEBUG    | helpers:get_blob_content:181 - Getting blob bd78dec for AUTOMATIC1111/stable-diffusion-webui
2025-04-27 23:35:46.287 | DEBUG    | helpers:get_blob_content:181 - Getting blob c29d274 for AUTOMATIC1111/stable-diffusion-webui
2025-04-27 23:35:46.287 | DEBUG    | helpers:get_blob_content:181 - Getting blob 51ab182 for AUTOMATIC1111/stable-diffusion-webui
2025-04-27 23:35:46.287 | DEBUG    | helpers:get_blob_content:181 - Getting blob dd14b8f for AUTOMATIC1111/stable-diffusion-webui
2025-04-27 23:35:46.287 | DEBUG    | helpers:get_blob_content:181 - Getting blob 17a620f for AUTOMATIC1111/stable-diffusion-webui
2025-04-27 23:35:46.287 | DEBUG    | helpers:get_blob_content:181 - Getting blob 9365aa7 for AUTOMATIC1111/stable-diffusion-webui
2025-04-27 23:35:46.287 | DEBUG    | helpers:get_blob_content:181 - Getting blob d51de29 for AUTOMATIC1111/stable-diffusion-webui
2025-04-27 23:35:46.287 | DEBUG    | helpers:get_blob_content:181 - Getting blob b394d8e for AUTOMATIC1111/stable-diffusion-webui
2025-04-27 23:35:46.287 | DEBUG    | helpers:get_blob_content:181 - Getting blob 6f134d5 for AUTOMATIC1111/stable-diffusion-webui
2025-04-27 23:35:46.287 | DEBUG    | helpers:get_blob_content:181 - Getting blob 98ff367 for AUTOMATIC1111/stable-diffusion-webui
2025-04-27 23:35:46.287 | DEBUG    | helpers:get_blob_content:181 - Getting blob f221c95 for AUTOMATIC1111/stable-diffusion-webui
2025-04-27 23:35:46.288 | DEBUG    | helpers:get_blob_content:181 - Getting blob efe5c68 for AUTOMATIC1111/stable-diffusion-webui
2025-04-27 23:35:46.288 | DEBUG    | helpers:get_blob_content:181 - Getting blob d95a0fd for AUTOMATIC1111/stable-diffusion-webui
2025-04-27 23:35:46.288 | DEBUG    | helpers:get_blob_content:181 - Getting blob 96faeaf for AUTOMATIC1111/stable-diffusion-webui
2025-04-27 23:35:46.324 | DEBUG    | __main__:process_repo:42 - Reached max files (20) for donnemartin/system-design-primer
2025-04-27 23:35:46.325 | INFO     | __main__:process_repo:53 - Fetching content for 20 files in donnemartin/system-design-primer...
2025-04-27 23:35:46.325 | DEBUG    | helpers:get_blob_content:181 - Getting blob ca9bd97 for donnemartin/system-design-primer
2025-04-27 23:35:46.325 | DEBUG    | helpers:get_blob_content:181 - Getting blob c220a52 for donnemartin/system-design-primer
2025-04-27 23:35:46.325 | DEBUG    | helpers:get_blob_content:181 - Getting blob 5a04d64 for donnemartin/system-design-primer
2025-04-27 23:35:46.325 | DEBUG    | helpers:get_blob_content:181 - Getting blob e8f4719 for donnemartin/system-design-primer
2025-04-27 23:35:46.325 | DEBUG    | helpers:get_blob_content:181 - Getting blob 87898dc for donnemartin/system-design-primer
2025-04-27 23:35:46.325 | DEBUG    | helpers:get_blob_content:181 - Getting blob c08f740 for donnemartin/system-design-primer
2025-04-27 23:35:46.325 | DEBUG    | helpers:get_blob_content:181 - Getting blob 90d2a6a for donnemartin/system-design-primer
2025-04-27 23:35:46.325 | DEBUG    | helpers:get_blob_content:181 - Getting blob 5bfae9a for donnemartin/system-design-primer
2025-04-27 23:35:46.325 | DEBUG    | helpers:get_blob_content:181 - Getting blob 1d5e7bc for donnemartin/system-design-primer
2025-04-27 23:35:46.326 | DEBUG    | helpers:get_blob_content:181 - Getting blob a470875 for donnemartin/system-design-primer
2025-04-27 23:35:46.326 | DEBUG    | helpers:get_blob_content:181 - Getting blob 33d9a35 for donnemartin/system-design-primer
2025-04-27 23:35:46.326 | DEBUG    | helpers:get_blob_content:181 - Getting blob acee465 for donnemartin/system-design-primer
2025-04-27 23:35:46.326 | DEBUG    | helpers:get_blob_content:181 - Getting blob 7063ca0 for donnemartin/system-design-primer
2025-04-27 23:35:46.326 | DEBUG    | helpers:get_blob_content:181 - Getting blob 08852d9 for donnemartin/system-design-primer
2025-04-27 23:35:46.326 | DEBUG    | helpers:get_blob_content:181 - Getting blob 58467bc for donnemartin/system-design-primer
2025-04-27 23:35:46.326 | DEBUG    | helpers:get_blob_content:181 - Getting blob 1ec3167 for donnemartin/system-design-primer
2025-04-27 23:35:46.326 | DEBUG    | helpers:get_blob_content:181 - Getting blob e355424 for donnemartin/system-design-primer
2025-04-27 23:35:46.326 | DEBUG    | helpers:get_blob_content:181 - Getting blob cc5d228 for donnemartin/system-design-primer
2025-04-27 23:35:46.326 | DEBUG    | helpers:get_blob_content:181 - Getting blob d2946e9 for donnemartin/system-design-primer
2025-04-27 23:35:46.326 | DEBUG    | helpers:get_blob_content:181 - Getting blob 2d87ddc for donnemartin/system-design-primer
2025-04-27 23:35:46.440 | DEBUG    | __main__:process_repo:42 - Reached max files (20) for ytdl-org/youtube-dl
2025-04-27 23:35:46.441 | INFO     | __main__:process_repo:53 - Fetching content for 20 files in ytdl-org/youtube-dl...
2025-04-27 23:35:46.441 | DEBUG    | helpers:get_blob_content:181 - Getting blob e5405c2 for ytdl-org/youtube-dl
2025-04-27 23:35:46.441 | DEBUG    | helpers:get_blob_content:181 - Getting blob 33b01ce for ytdl-org/youtube-dl
2025-04-27 23:35:46.441 | DEBUG    | helpers:get_blob_content:181 - Getting blob 285610c for ytdl-org/youtube-dl
2025-04-27 23:35:46.441 | DEBUG    | helpers:get_blob_content:181 - Getting blob af73525 for ytdl-org/youtube-dl
2025-04-27 23:35:46.441 | DEBUG    | helpers:get_blob_content:181 - Getting blob 42c878b for ytdl-org/youtube-dl
2025-04-27 23:35:46.442 | DEBUG    | helpers:get_blob_content:181 - Getting blob 1fd7cd5 for ytdl-org/youtube-dl
2025-04-27 23:35:46.442 | DEBUG    | helpers:get_blob_content:181 - Getting blob c7600d5 for ytdl-org/youtube-dl
2025-04-27 23:35:46.442 | DEBUG    | helpers:get_blob_content:181 - Getting blob d4988e6 for ytdl-org/youtube-dl
2025-04-27 23:35:46.442 | DEBUG    | helpers:get_blob_content:181 - Getting blob 65f0a32 for ytdl-org/youtube-dl
2025-04-27 23:35:46.442 | DEBUG    | helpers:get_blob_content:181 - Getting blob 41fb14b for ytdl-org/youtube-dl
2025-04-27 23:35:46.442 | DEBUG    | helpers:get_blob_content:181 - Getting blob b3431a7 for ytdl-org/youtube-dl
2025-04-27 23:35:46.442 | DEBUG    | helpers:get_blob_content:181 - Getting blob 892cea0 for ytdl-org/youtube-dl
2025-04-27 23:35:46.442 | DEBUG    | helpers:get_blob_content:181 - Getting blob ff40cef for ytdl-org/youtube-dl
2025-04-27 23:35:46.442 | DEBUG    | helpers:get_blob_content:181 - Getting blob 47e686f for ytdl-org/youtube-dl
2025-04-27 23:35:46.442 | DEBUG    | helpers:get_blob_content:181 - Getting blob 750dbdc for ytdl-org/youtube-dl
2025-04-27 23:35:46.442 | DEBUG    | helpers:get_blob_content:181 - Getting blob 7db396a for ytdl-org/youtube-dl
2025-04-27 23:35:46.442 | DEBUG    | helpers:get_blob_content:181 - Getting blob 4a4295b for ytdl-org/youtube-dl
2025-04-27 23:35:46.442 | DEBUG    | helpers:get_blob_content:181 - Getting blob 740f04d for ytdl-org/youtube-dl
2025-04-27 23:35:46.442 | DEBUG    | helpers:get_blob_content:181 - Getting blob 9fb1d2b for ytdl-org/youtube-dl
2025-04-27 23:35:46.442 | DEBUG    | helpers:get_blob_content:181 - Getting blob 320bcfc for ytdl-org/youtube-dl
2025-04-27 23:35:46.446 | DEBUG    | __main__:process_repo:42 - Reached max files (20) for yt-dlp/yt-dlp
2025-04-27 23:35:46.446 | INFO     | __main__:process_repo:53 - Fetching content for 20 files in yt-dlp/yt-dlp...
2025-04-27 23:35:46.447 | DEBUG    | helpers:get_blob_content:181 - Getting blob 4dcfcc4 for yt-dlp/yt-dlp
2025-04-27 23:35:46.447 | DEBUG    | helpers:get_blob_content:181 - Getting blob fd7b0f1 for yt-dlp/yt-dlp
2025-04-27 23:35:46.447 | DEBUG    | helpers:get_blob_content:181 - Getting blob 7aec627 for yt-dlp/yt-dlp
2025-04-27 23:35:46.447 | DEBUG    | helpers:get_blob_content:181 - Getting blob ee748eb for yt-dlp/yt-dlp
2025-04-27 23:35:46.447 | DEBUG    | helpers:get_blob_content:181 - Getting blob d7d3ce3 for yt-dlp/yt-dlp
2025-04-27 23:35:46.447 | DEBUG    | helpers:get_blob_content:181 - Getting blob 4184c4b for yt-dlp/yt-dlp
2025-04-27 23:35:46.447 | DEBUG    | helpers:get_blob_content:181 - Getting blob 3918ebd for yt-dlp/yt-dlp
2025-04-27 23:35:46.447 | DEBUG    | helpers:get_blob_content:181 - Getting blob fc72c30 for yt-dlp/yt-dlp
2025-04-27 23:35:46.448 | DEBUG    | helpers:get_blob_content:181 - Getting blob 9c2710e for yt-dlp/yt-dlp
2025-04-27 23:35:46.448 | DEBUG    | helpers:get_blob_content:181 - Getting blob 5d2f68a for yt-dlp/yt-dlp
2025-04-27 23:35:46.448 | DEBUG    | helpers:get_blob_content:181 - Getting blob 73cf803 for yt-dlp/yt-dlp
2025-04-27 23:35:46.448 | DEBUG    | helpers:get_blob_content:181 - Getting blob d292505 for yt-dlp/yt-dlp
2025-04-27 23:35:46.448 | DEBUG    | helpers:get_blob_content:181 - Getting blob 6f52165 for yt-dlp/yt-dlp
2025-04-27 23:35:46.448 | DEBUG    | helpers:get_blob_content:181 - Getting blob 7c87610 for yt-dlp/yt-dlp
2025-04-27 23:35:46.448 | DEBUG    | helpers:get_blob_content:181 - Getting blob a06f8a6 for yt-dlp/yt-dlp
2025-04-27 23:35:46.448 | DEBUG    | helpers:get_blob_content:181 - Getting blob 110fcc2 for yt-dlp/yt-dlp
2025-04-27 23:35:46.448 | DEBUG    | helpers:get_blob_content:181 - Getting blob 0ce773e for yt-dlp/yt-dlp
2025-04-27 23:35:46.448 | DEBUG    | helpers:get_blob_content:181 - Getting blob cbb5859 for yt-dlp/yt-dlp
2025-04-27 23:35:46.448 | DEBUG    | helpers:get_blob_content:181 - Getting blob 145f6d4 for yt-dlp/yt-dlp
2025-04-27 23:35:46.448 | DEBUG    | helpers:get_blob_content:181 - Getting blob 47188e9 for yt-dlp/yt-dlp
2025-04-27 23:35:46.462 | DEBUG    | __main__:process_repo:42 - Reached max files (20) for huggingface/transformers
2025-04-27 23:35:46.463 | INFO     | __main__:process_repo:53 - Fetching content for 20 files in huggingface/transformers...
2025-04-27 23:35:46.463 | DEBUG    | helpers:get_blob_content:181 - Getting blob 484d62b for huggingface/transformers
2025-04-27 23:35:46.463 | DEBUG    | helpers:get_blob_content:181 - Getting blob 2e87b4c for huggingface/transformers
2025-04-27 23:35:46.463 | DEBUG    | helpers:get_blob_content:181 - Getting blob a69da1a for huggingface/transformers
2025-04-27 23:35:46.463 | DEBUG    | helpers:get_blob_content:181 - Getting blob 9fd14c8 for huggingface/transformers
2025-04-27 23:35:46.463 | DEBUG    | helpers:get_blob_content:181 - Getting blob 439ab02 for huggingface/transformers
2025-04-27 23:35:46.463 | DEBUG    | helpers:get_blob_content:181 - Getting blob 0296620 for huggingface/transformers
2025-04-27 23:35:46.463 | DEBUG    | helpers:get_blob_content:181 - Getting blob f6101e6 for huggingface/transformers
2025-04-27 23:35:46.463 | DEBUG    | helpers:get_blob_content:181 - Getting blob b23f315 for huggingface/transformers
2025-04-27 23:35:46.463 | DEBUG    | helpers:get_blob_content:181 - Getting blob c4804c6 for huggingface/transformers
2025-04-27 23:35:46.463 | DEBUG    | helpers:get_blob_content:181 - Getting blob 9c96162 for huggingface/transformers
2025-04-27 23:35:46.463 | DEBUG    | helpers:get_blob_content:181 - Getting blob e3a4259 for huggingface/transformers
2025-04-27 23:35:46.463 | DEBUG    | helpers:get_blob_content:181 - Getting blob 71a03b0 for huggingface/transformers
2025-04-27 23:35:46.463 | DEBUG    | helpers:get_blob_content:181 - Getting blob 29f5018 for huggingface/transformers
2025-04-27 23:35:46.463 | DEBUG    | helpers:get_blob_content:181 - Getting blob 3935f02 for huggingface/transformers
2025-04-27 23:35:46.463 | DEBUG    | helpers:get_blob_content:181 - Getting blob 831ec42 for huggingface/transformers
2025-04-27 23:35:46.463 | DEBUG    | helpers:get_blob_content:181 - Getting blob 6c036fd for huggingface/transformers
2025-04-27 23:35:46.463 | DEBUG    | helpers:get_blob_content:181 - Getting blob 6a477de for huggingface/transformers
2025-04-27 23:35:46.463 | DEBUG    | helpers:get_blob_content:181 - Getting blob c43e9a7 for huggingface/transformers
2025-04-27 23:35:46.463 | DEBUG    | helpers:get_blob_content:181 - Getting blob 50e9dfa for huggingface/transformers
2025-04-27 23:35:46.463 | DEBUG    | helpers:get_blob_content:181 - Getting blob 6b3100c for huggingface/transformers
2025-04-27 23:35:46.478 | DEBUG    | __main__:process_repo:42 - Reached max files (20) for TheAlgorithms/Python
2025-04-27 23:35:46.478 | INFO     | __main__:process_repo:53 - Fetching content for 20 files in TheAlgorithms/Python...
2025-04-27 23:35:46.478 | DEBUG    | helpers:get_blob_content:181 - Getting blob ec3cdb6 for TheAlgorithms/Python
2025-04-27 23:35:46.478 | DEBUG    | helpers:get_blob_content:181 - Getting blob e2ae096 for TheAlgorithms/Python
2025-04-27 23:35:46.478 | DEBUG    | helpers:get_blob_content:181 - Getting blob 3df39f9 for TheAlgorithms/Python
2025-04-27 23:35:46.478 | DEBUG    | helpers:get_blob_content:181 - Getting blob fa731e3 for TheAlgorithms/Python
2025-04-27 23:35:46.478 | DEBUG    | helpers:get_blob_content:181 - Getting blob de631c3 for TheAlgorithms/Python
2025-04-27 23:35:46.478 | DEBUG    | helpers:get_blob_content:181 - Getting blob d8eba4e for TheAlgorithms/Python
2025-04-27 23:35:46.478 | DEBUG    | helpers:get_blob_content:181 - Getting blob 4419bd8 for TheAlgorithms/Python
2025-04-27 23:35:46.478 | DEBUG    | helpers:get_blob_content:181 - Getting blob 4e6ea1b for TheAlgorithms/Python
2025-04-27 23:35:46.479 | DEBUG    | helpers:get_blob_content:181 - Getting blob 88cba85 for TheAlgorithms/Python
2025-04-27 23:35:46.479 | DEBUG    | helpers:get_blob_content:181 - Getting blob fa3e6c5 for TheAlgorithms/Python
2025-04-27 23:35:46.479 | DEBUG    | helpers:get_blob_content:181 - Getting blob f9c9537 for TheAlgorithms/Python
2025-04-27 23:35:46.479 | DEBUG    | helpers:get_blob_content:181 - Getting blob d4975df for TheAlgorithms/Python
2025-04-27 23:35:46.479 | DEBUG    | helpers:get_blob_content:181 - Getting blob 1d15c62 for TheAlgorithms/Python
2025-04-27 23:35:46.479 | DEBUG    | helpers:get_blob_content:181 - Getting blob f376e6f for TheAlgorithms/Python
2025-04-27 23:35:46.479 | DEBUG    | helpers:get_blob_content:181 - Getting blob 1869605 for TheAlgorithms/Python
2025-04-27 23:35:46.479 | DEBUG    | helpers:get_blob_content:181 - Getting blob f10cdbc for TheAlgorithms/Python
2025-04-27 23:35:46.479 | DEBUG    | helpers:get_blob_content:181 - Getting blob 3c6ed81 for TheAlgorithms/Python
2025-04-27 23:35:46.479 | DEBUG    | helpers:get_blob_content:181 - Getting blob e702c7e for TheAlgorithms/Python
2025-04-27 23:35:46.479 | DEBUG    | helpers:get_blob_content:181 - Getting blob 18c21e2 for TheAlgorithms/Python
2025-04-27 23:35:46.479 | DEBUG    | helpers:get_blob_content:181 - Getting blob f6e4212 for TheAlgorithms/Python
2025-04-27 23:35:46.488 | DEBUG    | __main__:process_repo:42 - Reached max files (20) for Significant-Gravitas/AutoGPT
2025-04-27 23:35:46.488 | INFO     | __main__:process_repo:53 - Fetching content for 20 files in Significant-Gravitas/AutoGPT...
2025-04-27 23:35:46.488 | DEBUG    | helpers:get_blob_content:181 - Getting blob 9b348b5 for Significant-Gravitas/AutoGPT
2025-04-27 23:35:46.488 | DEBUG    | helpers:get_blob_content:181 - Getting blob 37f83da for Significant-Gravitas/AutoGPT
2025-04-27 23:35:46.488 | DEBUG    | helpers:get_blob_content:181 - Getting blob a92ea4b for Significant-Gravitas/AutoGPT
2025-04-27 23:35:46.488 | DEBUG    | helpers:get_blob_content:181 - Getting blob e75f545 for Significant-Gravitas/AutoGPT
2025-04-27 23:35:46.488 | DEBUG    | helpers:get_blob_content:181 - Getting blob dfb2277 for Significant-Gravitas/AutoGPT
2025-04-27 23:35:46.488 | DEBUG    | helpers:get_blob_content:181 - Getting blob 45705d7 for Significant-Gravitas/AutoGPT
2025-04-27 23:35:46.488 | DEBUG    | helpers:get_blob_content:181 - Getting blob b15bd52 for Significant-Gravitas/AutoGPT
2025-04-27 23:35:46.488 | DEBUG    | helpers:get_blob_content:181 - Getting blob 3f09b05 for Significant-Gravitas/AutoGPT
2025-04-27 23:35:46.488 | DEBUG    | helpers:get_blob_content:181 - Getting blob 92ea6ec for Significant-Gravitas/AutoGPT
2025-04-27 23:35:46.488 | DEBUG    | helpers:get_blob_content:181 - Getting blob e2d6a5e for Significant-Gravitas/AutoGPT
2025-04-27 23:35:46.488 | DEBUG    | helpers:get_blob_content:181 - Getting blob 257250a for Significant-Gravitas/AutoGPT
2025-04-27 23:35:46.488 | DEBUG    | helpers:get_blob_content:181 - Getting blob c1fa9d9 for Significant-Gravitas/AutoGPT
2025-04-27 23:35:46.488 | DEBUG    | helpers:get_blob_content:181 - Getting blob c143c78 for Significant-Gravitas/AutoGPT
2025-04-27 23:35:46.488 | DEBUG    | helpers:get_blob_content:181 - Getting blob d17a032 for Significant-Gravitas/AutoGPT
2025-04-27 23:35:46.488 | DEBUG    | helpers:get_blob_content:181 - Getting blob b6ac4d2 for Significant-Gravitas/AutoGPT
2025-04-27 23:35:46.488 | DEBUG    | helpers:get_blob_content:181 - Getting blob 900275f for Significant-Gravitas/AutoGPT
2025-04-27 23:35:46.488 | DEBUG    | helpers:get_blob_content:181 - Getting blob 28e2b05 for Significant-Gravitas/AutoGPT
2025-04-27 23:35:46.489 | DEBUG    | helpers:get_blob_content:181 - Getting blob 1bb8fe1 for Significant-Gravitas/AutoGPT
2025-04-27 23:35:46.489 | DEBUG    | helpers:get_blob_content:181 - Getting blob 9aed891 for Significant-Gravitas/AutoGPT
2025-04-27 23:35:46.489 | DEBUG    | helpers:get_blob_content:181 - Getting blob 8fccfb2 for Significant-Gravitas/AutoGPT
2025-04-27 23:35:46.645 | INFO     | __main__:process_repo:103 - Finished processing public-apis/public-apis (9 files written)
2025-04-27 23:35:47.100 | INFO     | __main__:process_repo:103 - Finished processing 521xueweihan/HelloGitHub (20 files written)
2025-04-27 23:35:47.226 | INFO     | __main__:process_repo:103 - Finished processing vinta/awesome-python (7 files written)
2025-04-27 23:35:47.623 | INFO     | __main__:process_repo:103 - Finished processing AUTOMATIC1111/stable-diffusion-webui (20 files written)
2025-04-27 23:35:48.039 | INFO     | __main__:process_repo:103 - Finished processing donnemartin/system-design-primer (20 files written)
2025-04-27 23:35:48.410 | INFO     | __main__:process_repo:103 - Finished processing ytdl-org/youtube-dl (20 files written)
2025-04-27 23:35:48.856 | INFO     | __main__:process_repo:103 - Finished processing yt-dlp/yt-dlp (20 files written)
2025-04-27 23:35:49.337 | INFO     | __main__:process_repo:103 - Finished processing huggingface/transformers (20 files written)
2025-04-27 23:35:49.682 | INFO     | __main__:process_repo:103 - Finished processing TheAlgorithms/Python (20 files written)
2025-04-27 23:35:50.143 | INFO     | __main__:process_repo:103 - Finished processing Significant-Gravitas/AutoGPT (20 files written)
2025-04-27 23:35:50.146 | INFO     | __main__:main:181 - --- Crawling Summary ---
2025-04-27 23:35:50.146 | INFO     | __main__:main:182 - Crawling finished in 7.51 seconds.
2025-04-27 23:35:50.146 | INFO     | __main__:main:183 - Attempted to process 10 repositories.
2025-04-27 23:35:50.146 | INFO     | __main__:main:184 - Successfully processed details for 10 repositories.
2025-04-27 23:35:50.146 | INFO     | __main__:main:187 - Total files written: 176
2025-04-27 23:35:50.146 | INFO     | __main__:main:188 - Output data saved to crawled_data_async.jsonl
